Incremental java compilation is an incubating feature.
The TaskInputs.source(Object) method has been deprecated and is scheduled to be removed in Gradle 4.0. Please use TaskInputs.file(Object).skipWhenEmpty() instead.
:app:dependencies

------------------------------------------------------------
Project :app
------------------------------------------------------------

_debugAndroidTestAnnotationProcessor - ## Internal use, do not manually configure ##
No dependencies

_debugAndroidTestApk - ## Internal use, do not manually configure ##
\--- com.android.support:multidex-instrumentation:1.0.1
     \--- com.android.support:multidex:1.0.1

_debugAndroidTestCompile - ## Internal use, do not manually configure ##
\--- com.android.support:multidex-instrumentation:1.0.1
     \--- com.android.support:multidex:1.0.1

_debugAnnotationProcessor - ## Internal use, do not manually configure ##
No dependencies

_debugApk - ## Internal use, do not manually configure ##
+--- com.android.support:multidex:1.0.1
+--- project :react-native-sound
|    \--- com.facebook.react:react-native:0.12.+ -> 0.33.1
|         +--- com.facebook.fresco:imagepipeline-okhttp3:0.11.0
|         |    +--- com.facebook.fresco:fbcore:0.11.0
|         |    +--- com.squareup.okhttp3:okhttp:3.0.1 -> 3.4.1
|         |    |    \--- com.squareup.okio:okio:1.9.0
|         |    \--- com.facebook.fresco:imagepipeline:0.11.0
|         |         +--- com.android.support:support-v4:23.2.1 -> 24.0.0
|         |         |    \--- com.android.support:support-annotations:24.0.0
|         |         +--- com.facebook.fresco:fbcore:0.11.0
|         |         +--- com.parse.bolts:bolts-tasks:1.4.0
|         |         +--- com.nineoldandroids:library:2.4.0
|         |         \--- com.facebook.fresco:imagepipeline-base:0.11.0
|         |              +--- com.android.support:support-v4:23.2.1 -> 24.0.0 (*)
|         |              +--- com.facebook.fresco:fbcore:0.11.0
|         |              +--- com.parse.bolts:bolts-tasks:1.4.0
|         |              \--- com.nineoldandroids:library:2.4.0
|         +--- com.squareup.okio:okio:1.9.0
|         +--- com.facebook.soloader:soloader:0.1.0
|         +--- com.google.code.findbugs:jsr305:3.0.0
|         +--- org.webkit:android-jsc:r174650
|         +--- com.squareup.okhttp3:okhttp-urlconnection:3.4.1
|         |    \--- com.squareup.okhttp3:okhttp:3.4.1 (*)
|         +--- com.fasterxml.jackson.core:jackson-core:2.2.3
|         +--- com.squareup.okhttp3:okhttp-ws:3.4.1
|         |    \--- com.squareup.okhttp3:okhttp:3.4.1 (*)
|         +--- javax.inject:javax.inject:1
|         +--- com.squareup.okhttp3:okhttp:3.4.1 (*)
|         +--- com.facebook.fresco:fresco:0.11.0
|         |    +--- com.facebook.fresco:drawee:0.11.0
|         |    |    +--- com.android.support:support-v4:23.2.1 -> 24.0.0 (*)
|         |    |    \--- com.facebook.fresco:fbcore:0.11.0
|         |    +--- com.facebook.fresco:fbcore:0.11.0
|         |    \--- com.facebook.fresco:imagepipeline:0.11.0 (*)
|         +--- com.android.support:recyclerview-v7:23.0.1
|         |    +--- com.android.support:support-v4:23.0.1 -> 24.0.0 (*)
|         |    \--- com.android.support:support-annotations:23.0.1 -> 24.0.0
|         \--- com.android.support:appcompat-v7:23.0.1 -> 23.4.0
|              +--- com.android.support:animated-vector-drawable:23.4.0
|              |    \--- com.android.support:support-vector-drawable:23.4.0
|              |         \--- com.android.support:support-v4:23.4.0 -> 24.0.0 (*)
|              +--- com.android.support:support-v4:23.4.0 -> 24.0.0 (*)
|              \--- com.android.support:support-vector-drawable:23.4.0 (*)
+--- project :react-native-datetime
|    +--- com.android.support:appcompat-v7:23.0.1 -> 23.4.0 (*)
|    \--- com.facebook.react:react-native:0.20.+ -> 0.33.1 (*)
+--- project :react-native-svg
|    \--- com.facebook.react:react-native:+ -> 0.33.1 (*)
+--- project :react-native-keep-awake
|    \--- com.facebook.react:react-native:+ -> 0.33.1 (*)
+--- project :react-native-ble-manager
|    \--- com.facebook.react:react-native:0.20.+ -> 0.33.1 (*)
+--- project :react-native-photo-view
|    +--- com.facebook.react:react-native:0.20.+ -> 0.33.1 (*)
|    +--- com.facebook.fresco:fresco:0.10.0 -> 0.11.0 (*)
|    \--- me.relex:photodraweeview:1.0.0
+--- project :react-native-usbserial
|    +--- com.android.support:appcompat-v7:23.+ -> 23.4.0 (*)
|    \--- com.facebook.react:react-native:0.20.+ -> 0.33.1 (*)
+--- project :react-native-onesignal
|    +--- com.facebook.react:react-native:+ -> 0.33.1 (*)
|    +--- com.onesignal:OneSignal:2.+ -> 2.6.2
|    +--- com.google.android.gms:play-services-gcm:+ -> 9.6.1
|    |    +--- com.google.android.gms:play-services-base:9.6.1
|    |    |    +--- com.google.android.gms:play-services-basement:9.6.1
|    |    |    |    \--- com.android.support:support-v4:24.0.0 (*)
|    |    |    \--- com.google.android.gms:play-services-tasks:9.6.1
|    |    |         \--- com.google.android.gms:play-services-basement:9.6.1 (*)
|    |    +--- com.google.android.gms:play-services-basement:9.6.1 (*)
|    |    \--- com.google.android.gms:play-services-iid:9.6.1
|    |         +--- com.google.android.gms:play-services-base:9.6.1 (*)
|    |         \--- com.google.android.gms:play-services-basement:9.6.1 (*)
|    +--- com.google.android.gms:play-services-analytics:+ -> 9.6.1
|    |    +--- com.google.android.gms:play-services-analytics-impl:9.6.1
|    |    |    +--- com.google.android.gms:play-services-base:9.6.1 (*)
|    |    |    \--- com.google.android.gms:play-services-basement:9.6.1 (*)
|    |    +--- com.google.android.gms:play-services-base:9.6.1 (*)
|    |    \--- com.google.android.gms:play-services-basement:9.6.1 (*)
|    \--- com.google.android.gms:play-services-location:+ -> 9.6.1
|         +--- com.google.android.gms:play-services-base:9.6.1 (*)
|         \--- com.google.android.gms:play-services-basement:9.6.1 (*)
+--- project :react-native-android-permissions
|    \--- com.facebook.react:react-native:0.20.+ -> 0.33.1 (*)
+--- project :react-native-i18n
|    \--- com.facebook.react:react-native:0.12.+ -> 0.33.1 (*)
+--- project :react-native-image-picker
|    \--- com.facebook.react:react-native:+ -> 0.33.1 (*)
+--- project :react-native-code-push
|    \--- com.facebook.react:react-native:0.19.+ -> 0.33.1 (*)
+--- project :react-native-localization
|    \--- com.facebook.react:react-native:0.11.+ -> 0.33.1 (*)
+--- project :react-native-google-signin
|    +--- com.android.support:appcompat-v7:23.0.1 -> 23.4.0 (*)
|    +--- com.google.android.gms:play-services-auth:+ -> 9.6.1
|    |    +--- com.google.android.gms:play-services-auth-base:9.6.1
|    |    |    +--- com.google.android.gms:play-services-base:9.6.1 (*)
|    |    |    \--- com.google.android.gms:play-services-basement:9.6.1 (*)
|    |    +--- com.google.android.gms:play-services-base:9.6.1 (*)
|    |    \--- com.google.android.gms:play-services-basement:9.6.1 (*)
|    \--- com.facebook.react:react-native:+ -> 0.33.1 (*)
+--- project :react-native-weibo
|    \--- com.facebook.react:react-native:0.20.+ -> 0.33.1 (*)
+--- project :react-native-wechat
|    \--- com.facebook.react:react-native:0.15.+ -> 0.33.1 (*)
+--- project :react-native-fbsdk
|    +--- com.android.support:appcompat-v7:23.1.0 -> 23.4.0 (*)
|    +--- com.facebook.react:react-native:+ -> 0.33.1 (*)
|    \--- com.facebook.android:facebook-android-sdk:4.+ -> 4.15.0
|         +--- com.parse.bolts:bolts-android:1.4.0
|         |    +--- com.parse.bolts:bolts-tasks:1.4.0
|         |    \--- com.parse.bolts:bolts-applinks:1.4.0
|         |         \--- com.parse.bolts:bolts-tasks:1.4.0
|         +--- com.android.support:cardview-v7:23.4.0
|         +--- com.android.support:support-v4:23.4.0 -> 24.0.0 (*)
|         \--- com.android.support:customtabs:23.4.0
|              +--- com.android.support:support-annotations:23.4.0 -> 24.0.0
|              \--- com.android.support:support-v4:23.4.0 -> 24.0.0 (*)
+--- project :react-native-vector-icons
|    \--- com.facebook.react:react-native:+ -> 0.33.1 (*)
+--- project :react-native-maps
|    +--- com.facebook.react:react-native:+ -> 0.33.1 (*)
|    +--- com.google.android.gms:play-services-base:+ -> 9.6.1 (*)
|    \--- com.google.android.gms:play-services-maps:+ -> 9.6.1
|         +--- com.google.android.gms:play-services-base:9.6.1 (*)
|         \--- com.google.android.gms:play-services-basement:9.6.1 (*)
+--- project :react-native-baidumap
|    +--- com.android.support:appcompat-v7:23.+ -> 23.4.0 (*)
|    \--- com.facebook.react:react-native:0.20.+ -> 0.33.1 (*)
+--- com.android.support:appcompat-v7:23.0.3 -> 23.4.0 (*)
+--- com.facebook.react:react-native:+ -> 0.33.1 (*)
+--- com.google.android.gms:play-services-base:9.4.0 -> 9.6.1 (*)
+--- com.google.android.gms:play-services-maps:9.4.0 -> 9.6.1 (*)
\--- com.google.firebase:firebase-core:9.4.0
     \--- com.google.firebase:firebase-analytics:9.4.0
          +--- com.google.android.gms:play-services-basement:9.4.0 -> 9.6.1 (*)
          +--- com.google.firebase:firebase-common:9.4.0
          |    +--- com.google.android.gms:play-services-basement:9.4.0 -> 9.6.1 (*)
          |    \--- com.google.android.gms:play-services-tasks:9.4.0 -> 9.6.1 (*)
          \--- com.google.firebase:firebase-analytics-impl:9.4.0
               +--- com.google.android.gms:play-services-basement:9.4.0 -> 9.6.1 (*)
               +--- com.google.firebase:firebase-iid:9.4.0
               |    +--- com.google.android.gms:play-services-basement:9.4.0 -> 9.6.1 (*)
               |    \--- com.google.firebase:firebase-common:9.4.0 (*)
               \--- com.google.firebase:firebase-common:9.4.0 (*)

_debugCompile - ## Internal use, do not manually configure ##
+--- com.android.support:multidex:1.0.1
+--- project :react-native-sound
|    \--- com.facebook.react:react-native:0.12.+ -> 0.33.1
|         +--- com.facebook.fresco:imagepipeline-okhttp3:0.11.0
|         |    +--- com.facebook.fresco:fbcore:0.11.0
|         |    +--- com.squareup.okhttp3:okhttp:3.0.1 -> 3.4.1
|         |    |    \--- com.squareup.okio:okio:1.9.0
|         |    \--- com.facebook.fresco:imagepipeline:0.11.0
|         |         +--- com.android.support:support-v4:23.2.1 -> 24.0.0
|         |         |    \--- com.android.support:support-annotations:24.0.0
|         |         +--- com.facebook.fresco:fbcore:0.11.0
|         |         +--- com.parse.bolts:bolts-tasks:1.4.0
|         |         +--- com.nineoldandroids:library:2.4.0
|         |         \--- com.facebook.fresco:imagepipeline-base:0.11.0
|         |              +--- com.android.support:support-v4:23.2.1 -> 24.0.0 (*)
|         |              +--- com.facebook.fresco:fbcore:0.11.0
|         |              +--- com.parse.bolts:bolts-tasks:1.4.0
|         |              \--- com.nineoldandroids:library:2.4.0
|         +--- com.squareup.okio:okio:1.9.0
|         +--- com.facebook.soloader:soloader:0.1.0
|         +--- com.google.code.findbugs:jsr305:3.0.0
|         +--- org.webkit:android-jsc:r174650
|         +--- com.squareup.okhttp3:okhttp-urlconnection:3.4.1
|         |    \--- com.squareup.okhttp3:okhttp:3.4.1 (*)
|         +--- com.fasterxml.jackson.core:jackson-core:2.2.3
|         +--- com.squareup.okhttp3:okhttp-ws:3.4.1
|         |    \--- com.squareup.okhttp3:okhttp:3.4.1 (*)
|         +--- javax.inject:javax.inject:1
|         +--- com.squareup.okhttp3:okhttp:3.4.1 (*)
|         +--- com.facebook.fresco:fresco:0.11.0
|         |    +--- com.facebook.fresco:drawee:0.11.0
|         |    |    +--- com.android.support:support-v4:23.2.1 -> 24.0.0 (*)
|         |    |    \--- com.facebook.fresco:fbcore:0.11.0
|         |    +--- com.facebook.fresco:fbcore:0.11.0
|         |    \--- com.facebook.fresco:imagepipeline:0.11.0 (*)
|         +--- com.android.support:recyclerview-v7:23.0.1
|         |    +--- com.android.support:support-v4:23.0.1 -> 24.0.0 (*)
|         |    \--- com.android.support:support-annotations:23.0.1 -> 24.0.0
|         \--- com.android.support:appcompat-v7:23.0.1 -> 23.4.0
|              +--- com.android.support:animated-vector-drawable:23.4.0
|              |    \--- com.android.support:support-vector-drawable:23.4.0
|              |         \--- com.android.support:support-v4:23.4.0 -> 24.0.0 (*)
|              +--- com.android.support:support-v4:23.4.0 -> 24.0.0 (*)
|              \--- com.android.support:support-vector-drawable:23.4.0 (*)
+--- project :react-native-datetime
|    +--- com.android.support:appcompat-v7:23.0.1 -> 23.4.0 (*)
|    \--- com.facebook.react:react-native:0.20.+ -> 0.33.1 (*)
+--- project :react-native-svg
|    \--- com.facebook.react:react-native:+ -> 0.33.1 (*)
+--- project :react-native-keep-awake
|    \--- com.facebook.react:react-native:+ -> 0.33.1 (*)
+--- project :react-native-ble-manager
|    \--- com.facebook.react:react-native:0.20.+ -> 0.33.1 (*)
+--- project :react-native-photo-view
|    +--- com.facebook.react:react-native:0.20.+ -> 0.33.1 (*)
|    +--- com.facebook.fresco:fresco:0.10.0 -> 0.11.0 (*)
|    \--- me.relex:photodraweeview:1.0.0
+--- project :react-native-usbserial
|    +--- com.android.support:appcompat-v7:23.+ -> 23.4.0 (*)
|    \--- com.facebook.react:react-native:0.20.+ -> 0.33.1 (*)
+--- project :react-native-onesignal
|    +--- com.facebook.react:react-native:+ -> 0.33.1 (*)
|    +--- com.onesignal:OneSignal:2.+ -> 2.6.2
|    +--- com.google.android.gms:play-services-gcm:+ -> 9.6.1
|    |    +--- com.google.android.gms:play-services-base:9.6.1
|    |    |    +--- com.google.android.gms:play-services-basement:9.6.1
|    |    |    |    \--- com.android.support:support-v4:24.0.0 (*)
|    |    |    \--- com.google.android.gms:play-services-tasks:9.6.1
|    |    |         \--- com.google.android.gms:play-services-basement:9.6.1 (*)
|    |    +--- com.google.android.gms:play-services-basement:9.6.1 (*)
|    |    \--- com.google.android.gms:play-services-iid:9.6.1
|    |         +--- com.google.android.gms:play-services-base:9.6.1 (*)
|    |         \--- com.google.android.gms:play-services-basement:9.6.1 (*)
|    +--- com.google.android.gms:play-services-analytics:+ -> 9.6.1
|    |    +--- com.google.android.gms:play-services-analytics-impl:9.6.1
|    |    |    +--- com.google.android.gms:play-services-base:9.6.1 (*)
|    |    |    \--- com.google.android.gms:play-services-basement:9.6.1 (*)
|    |    +--- com.google.android.gms:play-services-base:9.6.1 (*)
|    |    \--- com.google.android.gms:play-services-basement:9.6.1 (*)
|    \--- com.google.android.gms:play-services-location:+ -> 9.6.1
|         +--- com.google.android.gms:play-services-base:9.6.1 (*)
|         \--- com.google.android.gms:play-services-basement:9.6.1 (*)
+--- project :react-native-android-permissions
|    \--- com.facebook.react:react-native:0.20.+ -> 0.33.1 (*)
+--- project :react-native-i18n
|    \--- com.facebook.react:react-native:0.12.+ -> 0.33.1 (*)
+--- project :react-native-image-picker
|    \--- com.facebook.react:react-native:+ -> 0.33.1 (*)
+--- project :react-native-code-push
|    \--- com.facebook.react:react-native:0.19.+ -> 0.33.1 (*)
+--- project :react-native-localization
|    \--- com.facebook.react:react-native:0.11.+ -> 0.33.1 (*)
+--- project :react-native-google-signin
|    +--- com.android.support:appcompat-v7:23.0.1 -> 23.4.0 (*)
|    +--- com.google.android.gms:play-services-auth:+ -> 9.6.1
|    |    +--- com.google.android.gms:play-services-auth-base:9.6.1
|    |    |    +--- com.google.android.gms:play-services-base:9.6.1 (*)
|    |    |    \--- com.google.android.gms:play-services-basement:9.6.1 (*)
|    |    +--- com.google.android.gms:play-services-base:9.6.1 (*)
|    |    \--- com.google.android.gms:play-services-basement:9.6.1 (*)
|    \--- com.facebook.react:react-native:+ -> 0.33.1 (*)
+--- project :react-native-weibo
|    \--- com.facebook.react:react-native:0.20.+ -> 0.33.1 (*)
+--- project :react-native-wechat
|    \--- com.facebook.react:react-native:0.15.+ -> 0.33.1 (*)
+--- project :react-native-fbsdk
|    +--- com.android.support:appcompat-v7:23.1.0 -> 23.4.0 (*)
|    +--- com.facebook.react:react-native:+ -> 0.33.1 (*)
|    \--- com.facebook.android:facebook-android-sdk:4.+ -> 4.15.0
|         +--- com.parse.bolts:bolts-android:1.4.0
|         |    +--- com.parse.bolts:bolts-tasks:1.4.0
|         |    \--- com.parse.bolts:bolts-applinks:1.4.0
|         |         \--- com.parse.bolts:bolts-tasks:1.4.0
|         +--- com.android.support:cardview-v7:23.4.0
|         +--- com.android.support:support-v4:23.4.0 -> 24.0.0 (*)
|         \--- com.android.support:customtabs:23.4.0
|              +--- com.android.support:support-annotations:23.4.0 -> 24.0.0
|              \--- com.android.support:support-v4:23.4.0 -> 24.0.0 (*)
+--- project :react-native-vector-icons
|    \--- com.facebook.react:react-native:+ -> 0.33.1 (*)
+--- project :react-native-maps
|    +--- com.facebook.react:react-native:+ -> 0.33.1 (*)
|    +--- com.google.android.gms:play-services-base:+ -> 9.6.1 (*)
|    \--- com.google.android.gms:play-services-maps:+ -> 9.6.1
|         +--- com.google.android.gms:play-services-base:9.6.1 (*)
|         \--- com.google.android.gms:play-services-basement:9.6.1 (*)
+--- project :react-native-baidumap
|    +--- com.android.support:appcompat-v7:23.+ -> 23.4.0 (*)
|    \--- com.facebook.react:react-native:0.20.+ -> 0.33.1 (*)
+--- com.android.support:appcompat-v7:23.0.3 -> 23.4.0 (*)
+--- com.facebook.react:react-native:+ -> 0.33.1 (*)
+--- com.google.android.gms:play-services-base:9.4.0 -> 9.6.1 (*)
+--- com.google.android.gms:play-services-maps:9.4.0 -> 9.6.1 (*)
\--- com.google.firebase:firebase-core:9.4.0
     \--- com.google.firebase:firebase-analytics:9.4.0
          +--- com.google.android.gms:play-services-basement:9.4.0 -> 9.6.1 (*)
          +--- com.google.firebase:firebase-common:9.4.0
          |    +--- com.google.android.gms:play-services-basement:9.4.0 -> 9.6.1 (*)
          |    \--- com.google.android.gms:play-services-tasks:9.4.0 -> 9.6.1 (*)
          \--- com.google.firebase:firebase-analytics-impl:9.4.0
               +--- com.google.android.gms:play-services-basement:9.4.0 -> 9.6.1 (*)
               +--- com.google.firebase:firebase-iid:9.4.0
               |    +--- com.google.android.gms:play-services-basement:9.4.0 -> 9.6.1 (*)
               |    \--- com.google.firebase:firebase-common:9.4.0 (*)
               \--- com.google.firebase:firebase-common:9.4.0 (*)

_debugUnitTestAnnotationProcessor - ## Internal use, do not manually configure ##
No dependencies

_debugUnitTestApk - ## Internal use, do not manually configure ##
No dependencies

_debugUnitTestCompile - ## Internal use, do not manually configure ##
No dependencies

_releaseAnnotationProcessor - ## Internal use, do not manually configure ##
No dependencies

_releaseApk - ## Internal use, do not manually configure ##
+--- com.android.support:multidex:1.0.1
+--- project :react-native-sound
|    \--- com.facebook.react:react-native:0.12.+ -> 0.33.1
|         +--- com.facebook.fresco:imagepipeline-okhttp3:0.11.0
|         |    +--- com.facebook.fresco:fbcore:0.11.0
|         |    +--- com.squareup.okhttp3:okhttp:3.0.1 -> 3.4.1
|         |    |    \--- com.squareup.okio:okio:1.9.0
|         |    \--- com.facebook.fresco:imagepipeline:0.11.0
|         |         +--- com.android.support:support-v4:23.2.1 -> 24.0.0
|         |         |    \--- com.android.support:support-annotations:24.0.0
|         |         +--- com.facebook.fresco:fbcore:0.11.0
|         |         +--- com.parse.bolts:bolts-tasks:1.4.0
|         |         +--- com.nineoldandroids:library:2.4.0
|         |         \--- com.facebook.fresco:imagepipeline-base:0.11.0
|         |              +--- com.android.support:support-v4:23.2.1 -> 24.0.0 (*)
|         |              +--- com.facebook.fresco:fbcore:0.11.0
|         |              +--- com.parse.bolts:bolts-tasks:1.4.0
|         |              \--- com.nineoldandroids:library:2.4.0
|         +--- com.squareup.okio:okio:1.9.0
|         +--- com.facebook.soloader:soloader:0.1.0
|         +--- com.google.code.findbugs:jsr305:3.0.0
|         +--- org.webkit:android-jsc:r174650
|         +--- com.squareup.okhttp3:okhttp-urlconnection:3.4.1
|         |    \--- com.squareup.okhttp3:okhttp:3.4.1 (*)
|         +--- com.fasterxml.jackson.core:jackson-core:2.2.3
|         +--- com.squareup.okhttp3:okhttp-ws:3.4.1
|         |    \--- com.squareup.okhttp3:okhttp:3.4.1 (*)
|         +--- javax.inject:javax.inject:1
|         +--- com.squareup.okhttp3:okhttp:3.4.1 (*)
|         +--- com.facebook.fresco:fresco:0.11.0
|         |    +--- com.facebook.fresco:drawee:0.11.0
|         |    |    +--- com.android.support:support-v4:23.2.1 -> 24.0.0 (*)
|         |    |    \--- com.facebook.fresco:fbcore:0.11.0
|         |    +--- com.facebook.fresco:fbcore:0.11.0
|         |    \--- com.facebook.fresco:imagepipeline:0.11.0 (*)
|         +--- com.android.support:recyclerview-v7:23.0.1
|         |    +--- com.android.support:support-v4:23.0.1 -> 24.0.0 (*)
|         |    \--- com.android.support:support-annotations:23.0.1 -> 24.0.0
|         \--- com.android.support:appcompat-v7:23.0.1 -> 23.4.0
|              +--- com.android.support:animated-vector-drawable:23.4.0
|              |    \--- com.android.support:support-vector-drawable:23.4.0
|              |         \--- com.android.support:support-v4:23.4.0 -> 24.0.0 (*)
|              +--- com.android.support:support-v4:23.4.0 -> 24.0.0 (*)
|              \--- com.android.support:support-vector-drawable:23.4.0 (*)
+--- project :react-native-datetime
|    +--- com.android.support:appcompat-v7:23.0.1 -> 23.4.0 (*)
|    \--- com.facebook.react:react-native:0.20.+ -> 0.33.1 (*)
+--- project :react-native-svg
|    \--- com.facebook.react:react-native:+ -> 0.33.1 (*)
+--- project :react-native-keep-awake
|    \--- com.facebook.react:react-native:+ -> 0.33.1 (*)
+--- project :react-native-ble-manager
|    \--- com.facebook.react:react-native:0.20.+ -> 0.33.1 (*)
+--- project :react-native-photo-view
|    +--- com.facebook.react:react-native:0.20.+ -> 0.33.1 (*)
|    +--- com.facebook.fresco:fresco:0.10.0 -> 0.11.0 (*)
|    \--- me.relex:photodraweeview:1.0.0
+--- project :react-native-usbserial
|    +--- com.android.support:appcompat-v7:23.+ -> 23.4.0 (*)
|    \--- com.facebook.react:react-native:0.20.+ -> 0.33.1 (*)
+--- project :react-native-onesignal
|    +--- com.facebook.react:react-native:+ -> 0.33.1 (*)
|    +--- com.onesignal:OneSignal:2.+ -> 2.6.2
|    +--- com.google.android.gms:play-services-gcm:+ -> 9.6.1
|    |    +--- com.google.android.gms:play-services-base:9.6.1
|    |    |    +--- com.google.android.gms:play-services-basement:9.6.1
|    |    |    |    \--- com.android.support:support-v4:24.0.0 (*)
|    |    |    \--- com.google.android.gms:play-services-tasks:9.6.1
|    |    |         \--- com.google.android.gms:play-services-basement:9.6.1 (*)
|    |    +--- com.google.android.gms:play-services-basement:9.6.1 (*)
|    |    \--- com.google.android.gms:play-services-iid:9.6.1
|    |         +--- com.google.android.gms:play-services-base:9.6.1 (*)
|    |         \--- com.google.android.gms:play-services-basement:9.6.1 (*)
|    +--- com.google.android.gms:play-services-analytics:+ -> 9.6.1
|    |    +--- com.google.android.gms:play-services-analytics-impl:9.6.1
|    |    |    +--- com.google.android.gms:play-services-base:9.6.1 (*)
|    |    |    \--- com.google.android.gms:play-services-basement:9.6.1 (*)
|    |    +--- com.google.android.gms:play-services-base:9.6.1 (*)
|    |    \--- com.google.android.gms:play-services-basement:9.6.1 (*)
|    \--- com.google.android.gms:play-services-location:+ -> 9.6.1
|         +--- com.google.android.gms:play-services-base:9.6.1 (*)
|         \--- com.google.android.gms:play-services-basement:9.6.1 (*)
+--- project :react-native-android-permissions
|    \--- com.facebook.react:react-native:0.20.+ -> 0.33.1 (*)
+--- project :react-native-i18n
|    \--- com.facebook.react:react-native:0.12.+ -> 0.33.1 (*)
+--- project :react-native-image-picker
|    \--- com.facebook.react:react-native:+ -> 0.33.1 (*)
+--- project :react-native-code-push
|    \--- com.facebook.react:react-native:0.19.+ -> 0.33.1 (*)
+--- project :react-native-localization
|    \--- com.facebook.react:react-native:0.11.+ -> 0.33.1 (*)
+--- project :react-native-google-signin
|    +--- com.android.support:appcompat-v7:23.0.1 -> 23.4.0 (*)
|    +--- com.google.android.gms:play-services-auth:+ -> 9.6.1
|    |    +--- com.google.android.gms:play-services-auth-base:9.6.1
|    |    |    +--- com.google.android.gms:play-services-base:9.6.1 (*)
|    |    |    \--- com.google.android.gms:play-services-basement:9.6.1 (*)
|    |    +--- com.google.android.gms:play-services-base:9.6.1 (*)
|    |    \--- com.google.android.gms:play-services-basement:9.6.1 (*)
|    \--- com.facebook.react:react-native:+ -> 0.33.1 (*)
+--- project :react-native-weibo
|    \--- com.facebook.react:react-native:0.20.+ -> 0.33.1 (*)
+--- project :react-native-wechat
|    \--- com.facebook.react:react-native:0.15.+ -> 0.33.1 (*)
+--- project :react-native-fbsdk
|    +--- com.android.support:appcompat-v7:23.1.0 -> 23.4.0 (*)
|    +--- com.facebook.react:react-native:+ -> 0.33.1 (*)
|    \--- com.facebook.android:facebook-android-sdk:4.+ -> 4.15.0
|         +--- com.parse.bolts:bolts-android:1.4.0
|         |    +--- com.parse.bolts:bolts-tasks:1.4.0
|         |    \--- com.parse.bolts:bolts-applinks:1.4.0
|         |         \--- com.parse.bolts:bolts-tasks:1.4.0
|         +--- com.android.support:cardview-v7:23.4.0
|         +--- com.android.support:support-v4:23.4.0 -> 24.0.0 (*)
|         \--- com.android.support:customtabs:23.4.0
|              +--- com.android.support:support-annotations:23.4.0 -> 24.0.0
|              \--- com.android.support:support-v4:23.4.0 -> 24.0.0 (*)
+--- project :react-native-vector-icons
|    \--- com.facebook.react:react-native:+ -> 0.33.1 (*)
+--- project :react-native-maps
|    +--- com.facebook.react:react-native:+ -> 0.33.1 (*)
|    +--- com.google.android.gms:play-services-base:+ -> 9.6.1 (*)
|    \--- com.google.android.gms:play-services-maps:+ -> 9.6.1
|         +--- com.google.android.gms:play-services-base:9.6.1 (*)
|         \--- com.google.android.gms:play-services-basement:9.6.1 (*)
+--- project :react-native-baidumap
|    +--- com.android.support:appcompat-v7:23.+ -> 23.4.0 (*)
|    \--- com.facebook.react:react-native:0.20.+ -> 0.33.1 (*)
+--- com.android.support:appcompat-v7:23.0.3 -> 23.4.0 (*)
+--- com.facebook.react:react-native:+ -> 0.33.1 (*)
+--- com.google.android.gms:play-services-base:9.4.0 -> 9.6.1 (*)
+--- com.google.android.gms:play-services-maps:9.4.0 -> 9.6.1 (*)
\--- com.google.firebase:firebase-core:9.4.0
     \--- com.google.firebase:firebase-analytics:9.4.0
          +--- com.google.android.gms:play-services-basement:9.4.0 -> 9.6.1 (*)
          +--- com.google.firebase:firebase-common:9.4.0
          |    +--- com.google.android.gms:play-services-basement:9.4.0 -> 9.6.1 (*)
          |    \--- com.google.android.gms:play-services-tasks:9.4.0 -> 9.6.1 (*)
          \--- com.google.firebase:firebase-analytics-impl:9.4.0
               +--- com.google.android.gms:play-services-basement:9.4.0 -> 9.6.1 (*)
               +--- com.google.firebase:firebase-iid:9.4.0
               |    +--- com.google.android.gms:play-services-basement:9.4.0 -> 9.6.1 (*)
               |    \--- com.google.firebase:firebase-common:9.4.0 (*)
               \--- com.google.firebase:firebase-common:9.4.0 (*)

_releaseCompile - ## Internal use, do not manually configure ##
+--- com.android.support:multidex:1.0.1
+--- project :react-native-sound
|    \--- com.facebook.react:react-native:0.12.+ -> 0.33.1
|         +--- com.facebook.fresco:imagepipeline-okhttp3:0.11.0
|         |    +--- com.facebook.fresco:fbcore:0.11.0
|         |    +--- com.squareup.okhttp3:okhttp:3.0.1 -> 3.4.1
|         |    |    \--- com.squareup.okio:okio:1.9.0
|         |    \--- com.facebook.fresco:imagepipeline:0.11.0
|         |         +--- com.android.support:support-v4:23.2.1 -> 24.0.0
|         |         |    \--- com.android.support:support-annotations:24.0.0
|         |         +--- com.facebook.fresco:fbcore:0.11.0
|         |         +--- com.parse.bolts:bolts-tasks:1.4.0
|         |         +--- com.nineoldandroids:library:2.4.0
|         |         \--- com.facebook.fresco:imagepipeline-base:0.11.0
|         |              +--- com.android.support:support-v4:23.2.1 -> 24.0.0 (*)
|         |              +--- com.facebook.fresco:fbcore:0.11.0
|         |              +--- com.parse.bolts:bolts-tasks:1.4.0
|         |              \--- com.nineoldandroids:library:2.4.0
|         +--- com.squareup.okio:okio:1.9.0
|         +--- com.facebook.soloader:soloader:0.1.0
|         +--- com.google.code.findbugs:jsr305:3.0.0
|         +--- org.webkit:android-jsc:r174650
|         +--- com.squareup.okhttp3:okhttp-urlconnection:3.4.1
|         |    \--- com.squareup.okhttp3:okhttp:3.4.1 (*)
|         +--- com.fasterxml.jackson.core:jackson-core:2.2.3
|         +--- com.squareup.okhttp3:okhttp-ws:3.4.1
|         |    \--- com.squareup.okhttp3:okhttp:3.4.1 (*)
|         +--- javax.inject:javax.inject:1
|         +--- com.squareup.okhttp3:okhttp:3.4.1 (*)
|         +--- com.facebook.fresco:fresco:0.11.0
|         |    +--- com.facebook.fresco:drawee:0.11.0
|         |    |    +--- com.android.support:support-v4:23.2.1 -> 24.0.0 (*)
|         |    |    \--- com.facebook.fresco:fbcore:0.11.0
|         |    +--- com.facebook.fresco:fbcore:0.11.0
|         |    \--- com.facebook.fresco:imagepipeline:0.11.0 (*)
|         +--- com.android.support:recyclerview-v7:23.0.1
|         |    +--- com.android.support:support-v4:23.0.1 -> 24.0.0 (*)
|         |    \--- com.android.support:support-annotations:23.0.1 -> 24.0.0
|         \--- com.android.support:appcompat-v7:23.0.1 -> 23.4.0
|              +--- com.android.support:animated-vector-drawable:23.4.0
|              |    \--- com.android.support:support-vector-drawable:23.4.0
|              |         \--- com.android.support:support-v4:23.4.0 -> 24.0.0 (*)
|              +--- com.android.support:support-v4:23.4.0 -> 24.0.0 (*)
|              \--- com.android.support:support-vector-drawable:23.4.0 (*)
+--- project :react-native-datetime
|    +--- com.android.support:appcompat-v7:23.0.1 -> 23.4.0 (*)
|    \--- com.facebook.react:react-native:0.20.+ -> 0.33.1 (*)
+--- project :react-native-svg
|    \--- com.facebook.react:react-native:+ -> 0.33.1 (*)
+--- project :react-native-keep-awake
|    \--- com.facebook.react:react-native:+ -> 0.33.1 (*)
+--- project :react-native-ble-manager
|    \--- com.facebook.react:react-native:0.20.+ -> 0.33.1 (*)
+--- project :react-native-photo-view
|    +--- com.facebook.react:react-native:0.20.+ -> 0.33.1 (*)
|    +--- com.facebook.fresco:fresco:0.10.0 -> 0.11.0 (*)
|    \--- me.relex:photodraweeview:1.0.0
+--- project :react-native-usbserial
|    +--- com.android.support:appcompat-v7:23.+ -> 23.4.0 (*)
|    \--- com.facebook.react:react-native:0.20.+ -> 0.33.1 (*)
+--- project :react-native-onesignal
|    +--- com.facebook.react:react-native:+ -> 0.33.1 (*)
|    +--- com.onesignal:OneSignal:2.+ -> 2.6.2
|    +--- com.google.android.gms:play-services-gcm:+ -> 9.6.1
|    |    +--- com.google.android.gms:play-services-base:9.6.1
|    |    |    +--- com.google.android.gms:play-services-basement:9.6.1
|    |    |    |    \--- com.android.support:support-v4:24.0.0 (*)
|    |    |    \--- com.google.android.gms:play-services-tasks:9.6.1
|    |    |         \--- com.google.android.gms:play-services-basement:9.6.1 (*)
|    |    +--- com.google.android.gms:play-services-basement:9.6.1 (*)
|    |    \--- com.google.android.gms:play-services-iid:9.6.1
|    |         +--- com.google.android.gms:play-services-base:9.6.1 (*)
|    |         \--- com.google.android.gms:play-services-basement:9.6.1 (*)
|    +--- com.google.android.gms:play-services-analytics:+ -> 9.6.1
|    |    +--- com.google.android.gms:play-services-analytics-impl:9.6.1
|    |    |    +--- com.google.android.gms:play-services-base:9.6.1 (*)
|    |    |    \--- com.google.android.gms:play-services-basement:9.6.1 (*)
|    |    +--- com.google.android.gms:play-services-base:9.6.1 (*)
|    |    \--- com.google.android.gms:play-services-basement:9.6.1 (*)
|    \--- com.google.android.gms:play-services-location:+ -> 9.6.1
|         +--- com.google.android.gms:play-services-base:9.6.1 (*)
|         \--- com.google.android.gms:play-services-basement:9.6.1 (*)
+--- project :react-native-android-permissions
|    \--- com.facebook.react:react-native:0.20.+ -> 0.33.1 (*)
+--- project :react-native-i18n
|    \--- com.facebook.react:react-native:0.12.+ -> 0.33.1 (*)
+--- project :react-native-image-picker
|    \--- com.facebook.react:react-native:+ -> 0.33.1 (*)
+--- project :react-native-code-push
|    \--- com.facebook.react:react-native:0.19.+ -> 0.33.1 (*)
+--- project :react-native-localization
|    \--- com.facebook.react:react-native:0.11.+ -> 0.33.1 (*)
+--- project :react-native-google-signin
|    +--- com.android.support:appcompat-v7:23.0.1 -> 23.4.0 (*)
|    +--- com.google.android.gms:play-services-auth:+ -> 9.6.1
|    |    +--- com.google.android.gms:play-services-auth-base:9.6.1
|    |    |    +--- com.google.android.gms:play-services-base:9.6.1 (*)
|    |    |    \--- com.google.android.gms:play-services-basement:9.6.1 (*)
|    |    +--- com.google.android.gms:play-services-base:9.6.1 (*)
|    |    \--- com.google.android.gms:play-services-basement:9.6.1 (*)
|    \--- com.facebook.react:react-native:+ -> 0.33.1 (*)
+--- project :react-native-weibo
|    \--- com.facebook.react:react-native:0.20.+ -> 0.33.1 (*)
+--- project :react-native-wechat
|    \--- com.facebook.react:react-native:0.15.+ -> 0.33.1 (*)
+--- project :react-native-fbsdk
|    +--- com.android.support:appcompat-v7:23.1.0 -> 23.4.0 (*)
|    +--- com.facebook.react:react-native:+ -> 0.33.1 (*)
|    \--- com.facebook.android:facebook-android-sdk:4.+ -> 4.15.0
|         +--- com.parse.bolts:bolts-android:1.4.0
|         |    +--- com.parse.bolts:bolts-tasks:1.4.0
|         |    \--- com.parse.bolts:bolts-applinks:1.4.0
|         |         \--- com.parse.bolts:bolts-tasks:1.4.0
|         +--- com.android.support:cardview-v7:23.4.0
|         +--- com.android.support:support-v4:23.4.0 -> 24.0.0 (*)
|         \--- com.android.support:customtabs:23.4.0
|              +--- com.android.support:support-annotations:23.4.0 -> 24.0.0
|              \--- com.android.support:support-v4:23.4.0 -> 24.0.0 (*)
+--- project :react-native-vector-icons
|    \--- com.facebook.react:react-native:+ -> 0.33.1 (*)
+--- project :react-native-maps
|    +--- com.facebook.react:react-native:+ -> 0.33.1 (*)
|    +--- com.google.android.gms:play-services-base:+ -> 9.6.1 (*)
|    \--- com.google.android.gms:play-services-maps:+ -> 9.6.1
|         +--- com.google.android.gms:play-services-base:9.6.1 (*)
|         \--- com.google.android.gms:play-services-basement:9.6.1 (*)
+--- project :react-native-baidumap
|    +--- com.android.support:appcompat-v7:23.+ -> 23.4.0 (*)
|    \--- com.facebook.react:react-native:0.20.+ -> 0.33.1 (*)
+--- com.android.support:appcompat-v7:23.0.3 -> 23.4.0 (*)
+--- com.facebook.react:react-native:+ -> 0.33.1 (*)
+--- com.google.android.gms:play-services-base:9.4.0 -> 9.6.1 (*)
+--- com.google.android.gms:play-services-maps:9.4.0 -> 9.6.1 (*)
\--- com.google.firebase:firebase-core:9.4.0
     \--- com.google.firebase:firebase-analytics:9.4.0
          +--- com.google.android.gms:play-services-basement:9.4.0 -> 9.6.1 (*)
          +--- com.google.firebase:firebase-common:9.4.0
          |    +--- com.google.android.gms:play-services-basement:9.4.0 -> 9.6.1 (*)
          |    \--- com.google.android.gms:play-services-tasks:9.4.0 -> 9.6.1 (*)
          \--- com.google.firebase:firebase-analytics-impl:9.4.0
               +--- com.google.android.gms:play-services-basement:9.4.0 -> 9.6.1 (*)
               +--- com.google.firebase:firebase-iid:9.4.0
               |    +--- com.google.android.gms:play-services-basement:9.4.0 -> 9.6.1 (*)
               |    \--- com.google.firebase:firebase-common:9.4.0 (*)
               \--- com.google.firebase:firebase-common:9.4.0 (*)

_releaseUnitTestAnnotationProcessor - ## Internal use, do not manually configure ##
No dependencies

_releaseUnitTestApk - ## Internal use, do not manually configure ##
No dependencies

_releaseUnitTestCompile - ## Internal use, do not manually configure ##
No dependencies

androidJacocoAgent - The Jacoco agent to use to get coverage data.
\--- org.jacoco:org.jacoco.agent:0.7.5.201505241946

androidJacocoAnt - The Jacoco ant tasks to use to get execute Gradle tasks.
\--- org.jacoco:org.jacoco.ant:0.7.5.201505241946
     +--- org.jacoco:org.jacoco.core:0.7.5.201505241946
     |    \--- org.ow2.asm:asm-debug-all:5.0.1
     +--- org.jacoco:org.jacoco.report:0.7.5.201505241946
     |    +--- org.jacoco:org.jacoco.core:0.7.5.201505241946 (*)
     |    \--- org.ow2.asm:asm-debug-all:5.0.1
     \--- org.jacoco:org.jacoco.agent:0.7.5.201505241946

androidTestAnnotationProcessor - Classpath for the annotation processor for 'androidTest'.
No dependencies

androidTestApk - Classpath packaged with the compiled 'androidTest' classes.
No dependencies

androidTestCompile - Classpath for compiling the androidTest sources.
No dependencies

androidTestProvided - Classpath for only compiling the androidTest sources.
No dependencies

androidTestWearApp - Link to a wear app to embed for object 'androidTest'.
No dependencies

annotationProcessor - Classpath for the annotation processor for 'main'.
No dependencies

apk - Classpath packaged with the compiled 'main' classes.
No dependencies

archives - Configuration for archive artifacts.
No dependencies

compile - Classpath for compiling the main sources.
+--- project :react-native-sound
|    \--- com.facebook.react:react-native:0.12.+ -> 0.33.1
|         +--- com.facebook.fresco:imagepipeline-okhttp3:0.11.0
|         |    +--- com.facebook.fresco:fbcore:0.11.0
|         |    +--- com.squareup.okhttp3:okhttp:3.0.1 -> 3.4.1
|         |    |    \--- com.squareup.okio:okio:1.9.0
|         |    \--- com.facebook.fresco:imagepipeline:0.11.0
|         |         +--- com.android.support:support-v4:23.2.1 -> 24.0.0
|         |         |    \--- com.android.support:support-annotations:24.0.0
|         |         +--- com.facebook.fresco:fbcore:0.11.0
|         |         +--- com.parse.bolts:bolts-tasks:1.4.0
|         |         +--- com.nineoldandroids:library:2.4.0
|         |         \--- com.facebook.fresco:imagepipeline-base:0.11.0
|         |              +--- com.android.support:support-v4:23.2.1 -> 24.0.0 (*)
|         |              +--- com.facebook.fresco:fbcore:0.11.0
|         |              +--- com.parse.bolts:bolts-tasks:1.4.0
|         |              \--- com.nineoldandroids:library:2.4.0
|         +--- com.squareup.okio:okio:1.9.0
|         +--- com.facebook.soloader:soloader:0.1.0
|         +--- com.google.code.findbugs:jsr305:3.0.0
|         +--- org.webkit:android-jsc:r174650
|         +--- com.squareup.okhttp3:okhttp-urlconnection:3.4.1
|         |    \--- com.squareup.okhttp3:okhttp:3.4.1 (*)
|         +--- com.fasterxml.jackson.core:jackson-core:2.2.3
|         +--- com.squareup.okhttp3:okhttp-ws:3.4.1
|         |    \--- com.squareup.okhttp3:okhttp:3.4.1 (*)
|         +--- javax.inject:javax.inject:1
|         +--- com.squareup.okhttp3:okhttp:3.4.1 (*)
|         +--- com.facebook.fresco:fresco:0.11.0
|         |    +--- com.facebook.fresco:drawee:0.11.0
|         |    |    +--- com.android.support:support-v4:23.2.1 -> 24.0.0 (*)
|         |    |    \--- com.facebook.fresco:fbcore:0.11.0
|         |    +--- com.facebook.fresco:fbcore:0.11.0
|         |    \--- com.facebook.fresco:imagepipeline:0.11.0 (*)
|         +--- com.android.support:recyclerview-v7:23.0.1
|         |    +--- com.android.support:support-v4:23.0.1 -> 24.0.0 (*)
|         |    \--- com.android.support:support-annotations:23.0.1 -> 24.0.0
|         \--- com.android.support:appcompat-v7:23.0.1 -> 23.4.0
|              +--- com.android.support:animated-vector-drawable:23.4.0
|              |    \--- com.android.support:support-vector-drawable:23.4.0
|              |         \--- com.android.support:support-v4:23.4.0 -> 24.0.0 (*)
|              +--- com.android.support:support-v4:23.4.0 -> 24.0.0 (*)
|              \--- com.android.support:support-vector-drawable:23.4.0 (*)
+--- project :react-native-datetime
|    +--- com.android.support:appcompat-v7:23.0.1 -> 23.4.0 (*)
|    \--- com.facebook.react:react-native:0.20.+ -> 0.33.1 (*)
+--- project :react-native-svg
|    \--- com.facebook.react:react-native:+ -> 0.33.1 (*)
+--- project :react-native-keep-awake
|    \--- com.facebook.react:react-native:+ -> 0.33.1 (*)
+--- project :react-native-ble-manager
|    \--- com.facebook.react:react-native:0.20.+ -> 0.33.1 (*)
+--- project :react-native-photo-view
|    +--- com.facebook.react:react-native:0.20.+ -> 0.33.1 (*)
|    +--- com.facebook.fresco:fresco:0.10.0 -> 0.11.0 (*)
|    \--- me.relex:photodraweeview:1.0.0
+--- project :react-native-usbserial
|    +--- com.android.support:appcompat-v7:23.+ -> 23.4.0 (*)
|    \--- com.facebook.react:react-native:0.20.+ -> 0.33.1 (*)
+--- project :react-native-onesignal
|    +--- com.facebook.react:react-native:+ -> 0.33.1 (*)
|    +--- com.onesignal:OneSignal:2.+ -> 2.6.2
|    +--- com.google.android.gms:play-services-gcm:+ -> 9.6.1
|    |    +--- com.google.android.gms:play-services-base:9.6.1
|    |    |    +--- com.google.android.gms:play-services-basement:9.6.1
|    |    |    |    \--- com.android.support:support-v4:24.0.0 (*)
|    |    |    \--- com.google.android.gms:play-services-tasks:9.6.1
|    |    |         \--- com.google.android.gms:play-services-basement:9.6.1 (*)
|    |    +--- com.google.android.gms:play-services-basement:9.6.1 (*)
|    |    \--- com.google.android.gms:play-services-iid:9.6.1
|    |         +--- com.google.android.gms:play-services-base:9.6.1 (*)
|    |         \--- com.google.android.gms:play-services-basement:9.6.1 (*)
|    +--- com.google.android.gms:play-services-analytics:+ -> 9.6.1
|    |    +--- com.google.android.gms:play-services-analytics-impl:9.6.1
|    |    |    +--- com.google.android.gms:play-services-base:9.6.1 (*)
|    |    |    \--- com.google.android.gms:play-services-basement:9.6.1 (*)
|    |    +--- com.google.android.gms:play-services-base:9.6.1 (*)
|    |    \--- com.google.android.gms:play-services-basement:9.6.1 (*)
|    \--- com.google.android.gms:play-services-location:+ -> 9.6.1
|         +--- com.google.android.gms:play-services-base:9.6.1 (*)
|         \--- com.google.android.gms:play-services-basement:9.6.1 (*)
+--- project :react-native-android-permissions
|    \--- com.facebook.react:react-native:0.20.+ -> 0.33.1 (*)
+--- project :react-native-i18n
|    \--- com.facebook.react:react-native:0.12.+ -> 0.33.1 (*)
+--- project :react-native-image-picker
|    \--- com.facebook.react:react-native:+ -> 0.33.1 (*)
+--- project :react-native-code-push
|    \--- com.facebook.react:react-native:0.19.+ -> 0.33.1 (*)
+--- project :react-native-localization
|    \--- com.facebook.react:react-native:0.11.+ -> 0.33.1 (*)
+--- project :react-native-google-signin
|    +--- com.android.support:appcompat-v7:23.0.1 -> 23.4.0 (*)
|    +--- com.google.android.gms:play-services-auth:+ -> 9.6.1
|    |    +--- com.google.android.gms:play-services-auth-base:9.6.1
|    |    |    +--- com.google.android.gms:play-services-base:9.6.1 (*)
|    |    |    \--- com.google.android.gms:play-services-basement:9.6.1 (*)
|    |    +--- com.google.android.gms:play-services-base:9.6.1 (*)
|    |    \--- com.google.android.gms:play-services-basement:9.6.1 (*)
|    \--- com.facebook.react:react-native:+ -> 0.33.1 (*)
+--- project :react-native-weibo
|    \--- com.facebook.react:react-native:0.20.+ -> 0.33.1 (*)
+--- project :react-native-wechat
|    \--- com.facebook.react:react-native:0.15.+ -> 0.33.1 (*)
+--- project :react-native-fbsdk
|    +--- com.android.support:appcompat-v7:23.1.0 -> 23.4.0 (*)
|    +--- com.facebook.react:react-native:+ -> 0.33.1 (*)
|    \--- com.facebook.android:facebook-android-sdk:4.+ -> 4.15.0
|         +--- com.parse.bolts:bolts-android:1.4.0
|         |    +--- com.parse.bolts:bolts-tasks:1.4.0
|         |    \--- com.parse.bolts:bolts-applinks:1.4.0
|         |         \--- com.parse.bolts:bolts-tasks:1.4.0
|         +--- com.android.support:cardview-v7:23.4.0
|         +--- com.android.support:support-v4:23.4.0 -> 24.0.0 (*)
|         \--- com.android.support:customtabs:23.4.0
|              +--- com.android.support:support-annotations:23.4.0 -> 24.0.0
|              \--- com.android.support:support-v4:23.4.0 -> 24.0.0 (*)
+--- project :react-native-vector-icons
|    \--- com.facebook.react:react-native:+ -> 0.33.1 (*)
+--- project :react-native-maps
|    +--- com.facebook.react:react-native:+ -> 0.33.1 (*)
|    +--- com.google.android.gms:play-services-base:+ -> 9.6.1 (*)
|    \--- com.google.android.gms:play-services-maps:+ -> 9.6.1
|         +--- com.google.android.gms:play-services-base:9.6.1 (*)
|         \--- com.google.android.gms:play-services-basement:9.6.1 (*)
+--- project :react-native-baidumap
|    +--- com.android.support:appcompat-v7:23.+ -> 23.4.0 (*)
|    \--- com.facebook.react:react-native:0.20.+ -> 0.33.1 (*)
+--- com.android.support:appcompat-v7:23.0.3 -> 23.4.0 (*)
+--- com.facebook.react:react-native:+ -> 0.33.1 (*)
+--- com.google.android.gms:play-services-base:9.4.0 -> 9.6.1 (*)
+--- com.google.android.gms:play-services-maps:9.4.0 -> 9.6.1 (*)
\--- com.google.firebase:firebase-core:9.4.0
     \--- com.google.firebase:firebase-analytics:9.4.0
          +--- com.google.android.gms:play-services-basement:9.4.0 -> 9.6.1 (*)
          +--- com.google.firebase:firebase-common:9.4.0
          |    +--- com.google.android.gms:play-services-basement:9.4.0 -> 9.6.1 (*)
          |    \--- com.google.android.gms:play-services-tasks:9.4.0 -> 9.6.1 (*)
          \--- com.google.firebase:firebase-analytics-impl:9.4.0
               +--- com.google.android.gms:play-services-basement:9.4.0 -> 9.6.1 (*)
               +--- com.google.firebase:firebase-iid:9.4.0
               |    +--- com.google.android.gms:play-services-basement:9.4.0 -> 9.6.1 (*)
               |    \--- com.google.firebase:firebase-common:9.4.0 (*)
               \--- com.google.firebase:firebase-common:9.4.0 (*)

debugAnnotationProcessor - Classpath for the annotation processor for 'debug'.
No dependencies

debugApk - Classpath packaged with the compiled 'debug' classes.
No dependencies

debugCompile - Classpath for compiling the debug sources.
No dependencies

debugProvided - Classpath for only compiling the debug sources.
No dependencies

debugWearApp - Link to a wear app to embed for object 'debug'.
No dependencies

default - Configuration for default artifacts.
No dependencies

default-mapping - Configuration for default mapping artifacts.
No dependencies

default-metadata - Metadata for the produced APKs.
No dependencies

provided - Classpath for only compiling the main sources.
No dependencies

releaseAnnotationProcessor - Classpath for the annotation processor for 'release'.
No dependencies

releaseApk - Classpath packaged with the compiled 'release' classes.
No dependencies

releaseCompile - Classpath for compiling the release sources.
No dependencies

releaseProvided - Classpath for only compiling the release sources.
No dependencies

releaseWearApp - Link to a wear app to embed for object 'release'.
No dependencies

testAnnotationProcessor - Classpath for the annotation processor for 'test'.
No dependencies

testApk - Classpath packaged with the compiled 'test' classes.
No dependencies

testCompile - Classpath for compiling the test sources.
No dependencies

testDebugAnnotationProcessor - Classpath for the annotation processor for 'testDebug'.
No dependencies

testDebugApk - Classpath packaged with the compiled 'testDebug' classes.
No dependencies

testDebugCompile - Classpath for compiling the testDebug sources.
No dependencies

testDebugProvided - Classpath for only compiling the testDebug sources.
No dependencies

testDebugWearApp - Link to a wear app to embed for object 'testDebug'.
No dependencies

testProvided - Classpath for only compiling the test sources.
No dependencies

testReleaseAnnotationProcessor - Classpath for the annotation processor for 'testRelease'.
No dependencies

testReleaseApk - Classpath packaged with the compiled 'testRelease' classes.
No dependencies

testReleaseCompile - Classpath for compiling the testRelease sources.
No dependencies

testReleaseProvided - Classpath for only compiling the testRelease sources.
No dependencies

testReleaseWearApp - Link to a wear app to embed for object 'testRelease'.
No dependencies

testWearApp - Link to a wear app to embed for object 'test'.
No dependencies

wearApp - Link to a wear app to embed for object 'main'.
No dependencies

BUILD SUCCESSFUL

Total time: 16.197 secs
